TN:
SF:script/DeployReputationTokensInitializable.s.sol
FN:8,DeployReputationTokensInitializable.run
FNDA:0,DeployReputationTokensInitializable.run
DA:9,0
DA:10,0
DA:11,0
DA:12,0
FNF:1
FNH:0
LF:4
LH:0
BRF:0
BRH:0
end_of_record
TN:
SF:script/DeployReputationTokensStandalone.s.sol
FN:8,DeployReputationTokensStandalone.run
FNDA:15,DeployReputationTokensStandalone.run
DA:12,15
DA:13,15
DA:17,15
DA:19,15
FNF:1
FNH:1
LF:4
LH:4
BRF:0
BRH:0
end_of_record
TN:
SF:script/DeployReputationTokensStandaloneWithData.s.sol
FN:14,DeployReputationTokensStandaloneWithData.run
FNDA:0,DeployReputationTokensStandaloneWithData.run
DA:15,0
DA:16,0
DA:18,0
DA:19,0
DA:23,0
DA:25,0
FNF:1
FNH:0
LF:6
LH:0
BRF:0
BRH:0
end_of_record
TN:
SF:src/ReputationTokensBase.sol
FN:59,ReputationTokensBase._initialize
FNDA:0,ReputationTokensBase._initialize
DA:63,0
DA:65,0
DA:66,0
FN:76,ReputationTokensBase.mint
FNDA:2304,ReputationTokensBase.mint
DA:79,2304
BRDA:79,0,0,256
BRDA:79,0,1,2048
DA:80,256
DA:83,2048
FN:86,ReputationTokensBase.batchMint
FNDA:0,ReputationTokensBase.batchMint
DA:89,0
DA:90,0
FN:94,ReputationTokensBase.setTokenURI
FNDA:0,ReputationTokensBase.setTokenURI
DA:98,0
FN:107,ReputationTokensBase.distribute
FNDA:1536,ReputationTokensBase.distribute
DA:112,1536
FN:120,ReputationTokensBase.distributeBatch
FNDA:0,ReputationTokensBase.distributeBatch
DA:125,0
DA:126,0
FN:134,ReputationTokensBase.setDestinationWallet
FNDA:256,ReputationTokensBase.setDestinationWallet
DA:135,256
FN:138,ReputationTokensBase.safeTransferFrom
FNDA:32007,ReputationTokensBase.safeTransferFrom
DA:145,32007
BRDA:145,1,0,7875
BRDA:145,1,1,-
DA:146,15829
BRDA:146,2,0,7875
BRDA:146,2,1,-
DA:152,7875
BRDA:152,3,0,7875
BRDA:152,3,1,-
DA:153,7875
DA:156,7954
DA:160,16178
BRDA:160,4,0,101
BRDA:160,4,1,16077
DA:161,101
DA:164,16077
FN:167,ReputationTokensBase.createToken
FNDA:768,ReputationTokensBase.createToken
DA:170,283194
FN:173,ReputationTokensBase.batchCreateTokens
FNDA:2816,ReputationTokensBase.batchCreateTokens
DA:176,2816
DA:177,282426
FN:181,ReputationTokensBase.updateTokenProperties
FNDA:512,ReputationTokensBase.updateTokenProperties
DA:185,512
FN:188,ReputationTokensBase.batchUpdateTokensProperties
FNDA:256,ReputationTokensBase.batchUpdateTokensProperties
DA:192,256
DA:193,31401
FN:204,ReputationTokensBase.migrateOwnershipOfTokens
FNDA:0,ReputationTokensBase.migrateOwnershipOfTokens
DA:208,0
FN:217,ReputationTokensBase.getTransferrableBalance
FNDA:64500,ReputationTokensBase.getTransferrableBalance
DA:221,80678
DA:222,80678
FN:225,ReputationTokensBase.getDistributableBalance
FNDA:97625,ReputationTokensBase.getDistributableBalance
DA:229,178303
FNF:15
FNH:10
LF:31
LH:22
BRF:10
BRH:7
end_of_record
TN:
SF:src/ReputationTokensInitializable.sol
FN:29,ReputationTokensInitializable.initialize
FNDA:0,ReputationTokensInitializable.initialize
DA:33,0
FN:42,ReputationTokensInitializable.getDestinationWallet
FNDA:0,ReputationTokensInitializable.getDestinationWallet
DA:45,0
FN:48,ReputationTokensInitializable.getMaxMintPerTx
FNDA:0,ReputationTokensInitializable.getMaxMintPerTx
DA:49,0
FN:56,ReputationTokensInitializable.getNumOfTokenTypes
FNDA:0,ReputationTokensInitializable.getNumOfTokenTypes
DA:57,0
FN:60,ReputationTokensInitializable.getTokenProperties
FNDA:0,ReputationTokensInitializable.getTokenProperties
DA:63,0
FNF:5
FNH:0
LF:5
LH:0
BRF:0
BRH:0
end_of_record
TN:
SF:src/ReputationTokensInternal.sol
FN:43,ReputationTokensInternal._initialize
FNDA:0,ReputationTokensInternal._initialize
DA:46,0
DA:47,0
FN:50,ReputationTokensInternal._createToken
FNDA:283194,ReputationTokensInternal._createToken
DA:53,283194
DA:54,283194
DA:56,283194
DA:58,283194
DA:60,283194
FN:63,ReputationTokensInternal._updateTokenProperties
FNDA:315107,ReputationTokensInternal._updateTokenProperties
DA:67,315107
BRDA:67,0,0,256
BRDA:67,0,1,314851
DA:68,256
DA:71,314851
DA:76,314851
DA:81,314851
DA:86,314851
FN:93,ReputationTokensInternal.initializeDestinationWallet
FNDA:3584,ReputationTokensInternal.initializeDestinationWallet
DA:95,3584
DA:96,3584
BRDA:94,1,0,3072
BRDA:94,1,1,3584
DA:98,3072
FN:110,ReputationTokensInternal._mint
FNDA:2048,ReputationTokensInternal._mint
DA:114,2048
DA:116,2048
DA:118,160340
BRDA:117,2,0,256
BRDA:117,2,1,160084
DA:123,256
DA:125,160084
DA:131,160084
DA:137,160084
FN:150,ReputationTokensInternal._setDestinationWallet
FNDA:3328,ReputationTokensInternal._setDestinationWallet
DA:154,3328
DA:157,3328
FN:166,ReputationTokensInternal._distribute
FNDA:1536,ReputationTokensInternal._distribute
DA:171,1536
DA:173,1536
DA:174,128683
DA:178,128683
DA:189,1536
FN:205,ReputationTokensInternal._migrateOwnershipOfTokens
FNDA:0,ReputationTokensInternal._migrateOwnershipOfTokens
DA:206,0
DA:207,0
DA:209,0
DA:210,0
DA:211,0
FNF:8
FNH:6
LF:35
LH:28
BRF:6
BRH:6
end_of_record
TN:
SF:src/ReputationTokensStandalone.sol
FN:32,ReputationTokensStandalone.getDestinationWallet
FNDA:256,ReputationTokensStandalone.getDestinationWallet
DA:35,256
FN:38,ReputationTokensStandalone.getMaxMintPerTx
FNDA:0,ReputationTokensStandalone.getMaxMintPerTx
DA:39,0
FN:46,ReputationTokensStandalone.getNumOfTokenTypes
FNDA:512,ReputationTokensStandalone.getNumOfTokenTypes
DA:47,512
FN:50,ReputationTokensStandalone.getTokenProperties
FNDA:221354,ReputationTokensStandalone.getTokenProperties
DA:53,221354
FNF:4
FNH:3
LF:4
LH:3
BRF:0
BRH:0
end_of_record
TN:
SF:src/storage/AddressToAddressMappingStorage.sol
FN:31,AddressToAddressMappingStorage.layout
FNDA:0,AddressToAddressMappingStorage.layout
DA:32,0
DA:34,0
FNF:1
FNH:0
LF:2
LH:0
BRF:0
BRH:0
end_of_record
TN:
SF:src/storage/TokensPropertiesStorage.sol
FN:48,TokensPropertiesStorage.layout
FNDA:0,TokensPropertiesStorage.layout
DA:49,0
DA:51,0
FNF:1
FNH:0
LF:2
LH:0
BRF:0
BRH:0
end_of_record
TN:
SF:test/ReputationTokensStandalone.t.sol
FN:39,RepTokensStandaloneTest.setUp
FNDA:0,RepTokensStandaloneTest.setUp
DA:40,0
DA:41,0
DA:42,0
FN:45,RepTokensStandaloneTest.setUpDeploy
FNDA:0,RepTokensStandaloneTest.setUpDeploy
DA:46,0
DA:47,0
DA:48,0
DA:49,0
FN:52,RepTokensStandaloneTest.setUpRoles
FNDA:0,RepTokensStandaloneTest.setUpRoles
DA:53,0
DA:54,0
DA:55,0
DA:56,0
DA:57,0
DA:58,0
DA:59,0
FN:62,RepTokensStandaloneTest.setUpTokenTypes
FNDA:0,RepTokensStandaloneTest.setUpTokenTypes
DA:63,0
DA:64,0
DA:69,0
DA:70,0
DA:76,0
DA:77,0
FN:671,RepTokensStandaloneTest.createTokenOperationsSequential
FNDA:0,RepTokensStandaloneTest.createTokenOperationsSequential
DA:676,0
DA:677,0
DA:679,0
DA:681,0
DA:682,0
DA:683,0
DA:686,0
FN:689,RepTokensStandaloneTest.mint
FNDA:0,RepTokensStandaloneTest.mint
DA:692,0
DA:693,0
DA:694,0
FN:697,RepTokensStandaloneTest.distribute
FNDA:0,RepTokensStandaloneTest.distribute
DA:701,0
DA:702,0
DA:703,0
FN:706,RepTokensStandaloneTest.setUpRole
FNDA:0,RepTokensStandaloneTest.setUpRole
DA:707,0
DA:708,0
DA:709,0
FN:712,RepTokensStandaloneTest.setDestinationWallet
FNDA:0,RepTokensStandaloneTest.setDestinationWallet
DA:713,0
DA:714,0
DA:715,0
FN:718,RepTokensStandaloneTest.generateUsers
FNDA:0,RepTokensStandaloneTest.generateUsers
DA:719,0
DA:721,0
DA:722,0
DA:725,0
FN:728,RepTokensStandaloneTest.uint2str
FNDA:0,RepTokensStandaloneTest.uint2str
DA:731,0
BRDA:731,0,0,-
BRDA:731,0,1,-
DA:732,0
DA:734,0
DA:735,0
DA:736,0
DA:737,0
DA:738,0
DA:740,0
DA:741,0
DA:742,0
DA:743,0
DA:744,0
DA:745,0
DA:746,0
DA:747,0
DA:749,0
FNF:11
FNH:0
LF:59
LH:0
BRF:2
BRH:0
end_of_record
TN:
SF:test/ReputationTokensTest__Base.t.sol
FN:39,ReputationTokensTest__Base.setUp
FNDA:0,ReputationTokensTest__Base.setUp
DA:40,0
DA:41,0
DA:42,0
FN:45,ReputationTokensTest__Base.setUpDeploy
FNDA:0,ReputationTokensTest__Base.setUpDeploy
DA:46,0
DA:47,0
DA:48,0
DA:49,0
FN:52,ReputationTokensTest__Base.setUpRoles
FNDA:0,ReputationTokensTest__Base.setUpRoles
DA:53,0
DA:54,0
DA:55,0
DA:56,0
DA:57,0
DA:58,0
DA:59,0
FN:62,ReputationTokensTest__Base.setUpTokenProperties
FNDA:0,ReputationTokensTest__Base.setUpTokenProperties
DA:63,0
DA:64,0
DA:69,0
DA:70,0
DA:76,0
DA:77,0
DA:83,0
DA:84,0
DA:85,0
FN:679,ReputationTokensTest__Base.createTokenOperationsSequentialHalf
FNDA:0,ReputationTokensTest__Base.createTokenOperationsSequentialHalf
DA:684,0
DA:685,0
DA:689,0
DA:691,0
DA:692,0
DA:693,0
BRDA:693,0,0,-
BRDA:693,0,1,-
DA:694,0
DA:698,0
DA:702,0
FN:705,ReputationTokensTest__Base.createTokenOperationsSequential
FNDA:0,ReputationTokensTest__Base.createTokenOperationsSequential
DA:710,0
DA:711,0
DA:715,0
DA:717,0
DA:718,0
DA:719,0
DA:720,0
DA:725,0
FN:728,ReputationTokensTest__Base.createTokenOperationsSequential
FNDA:0,ReputationTokensTest__Base.createTokenOperationsSequential
DA:732,0
DA:733,0
DA:737,0
DA:739,0
DA:740,0
DA:741,0
DA:745,0
FN:748,ReputationTokensTest__Base.createTokenOperationsSequential
FNDA:0,ReputationTokensTest__Base.createTokenOperationsSequential
DA:753,0
DA:754,0
DA:756,0
DA:758,0
DA:759,0
DA:760,0
DA:763,0
FN:766,ReputationTokensTest__Base.mint
FNDA:0,ReputationTokensTest__Base.mint
DA:769,0
DA:770,0
DA:771,0
FN:774,ReputationTokensTest__Base.batchMint
FNDA:0,ReputationTokensTest__Base.batchMint
DA:777,0
DA:778,0
DA:779,0
FN:782,ReputationTokensTest__Base.distribute
FNDA:0,ReputationTokensTest__Base.distribute
DA:785,0
DA:786,0
DA:787,0
FN:790,ReputationTokensTest__Base.setUpRole
FNDA:0,ReputationTokensTest__Base.setUpRole
DA:791,0
DA:792,0
DA:793,0
FN:796,ReputationTokensTest__Base.setDestinationWallet
FNDA:0,ReputationTokensTest__Base.setDestinationWallet
DA:797,0
DA:798,0
DA:799,0
FN:802,ReputationTokensTest__Base.generateUsers
FNDA:0,ReputationTokensTest__Base.generateUsers
DA:803,0
DA:805,0
DA:806,0
DA:809,0
FN:812,ReputationTokensTest__Base.uint2str
FNDA:0,ReputationTokensTest__Base.uint2str
DA:815,0
BRDA:815,1,0,-
BRDA:815,1,1,-
DA:816,0
DA:818,0
DA:819,0
DA:820,0
DA:821,0
DA:822,0
DA:824,0
DA:825,0
DA:826,0
DA:827,0
DA:828,0
DA:829,0
DA:830,0
DA:831,0
DA:833,0
FNF:15
FNH:0
LF:89
LH:0
BRF:4
BRH:0
end_of_record
