TN:
SF:contracts/ReputationTokensBase.sol
FN:54,ReputationTokensBase.mint
FNDA:261,ReputationTokensBase.mint
DA:61,20748
DA:61,20748
BRDA:61,0,0,259
BRDA:61,0,1,20489
DA:62,259
DA:62,259
DA:65,20489
DA:65,20489
FN:68,ReputationTokensBase.batchMint
FNDA:258,ReputationTokensBase.batchMint
DA:71,258
DA:71,258
DA:71,20745
DA:71,20487
DA:72,20487
DA:72,20487
FN:76,ReputationTokensBase.setTokenURI
FNDA:0,ReputationTokensBase.setTokenURI
DA:80,0
DA:80,0
FN:89,ReputationTokensBase.distribute
FNDA:0,ReputationTokensBase.distribute
DA:94,0
DA:94,0
FN:102,ReputationTokensBase.distributeBatch
FNDA:0,ReputationTokensBase.distributeBatch
DA:107,0
DA:107,0
DA:107,0
DA:107,0
DA:108,0
DA:108,0
FN:116,ReputationTokensBase.setDestinationWallet
FNDA:0,ReputationTokensBase.setDestinationWallet
DA:117,0
DA:117,0
FN:120,ReputationTokensBase.safeTransferFrom
FNDA:0,ReputationTokensBase.safeTransferFrom
DA:127,0
BRDA:127,1,0,-
BRDA:127,1,1,-
DA:128,0
BRDA:128,2,0,-
BRDA:128,2,1,-
DA:134,0
DA:134,0
BRDA:134,3,0,-
BRDA:134,3,1,-
DA:135,0
DA:135,0
DA:139,0
DA:139,0
DA:142,0
DA:142,0
DA:146,0
DA:146,0
DA:146,0
BRDA:146,4,0,-
BRDA:146,4,1,-
DA:147,0
DA:147,0
DA:150,0
DA:150,0
FN:153,ReputationTokensBase.createToken
FNDA:1041,ReputationTokensBase.createToken
DA:156,54846
DA:156,54846
FN:159,ReputationTokensBase.batchCreateTokens
FNDA:517,ReputationTokensBase.batchCreateTokens
DA:162,517
DA:162,517
DA:162,54322
DA:162,53805
DA:163,53805
DA:163,53805
FN:167,ReputationTokensBase.updateTokenProperties
FNDA:262,ReputationTokensBase.updateTokenProperties
DA:171,262
DA:171,262
FN:174,ReputationTokensBase.batchUpdateTokensProperties
FNDA:259,ReputationTokensBase.batchUpdateTokensProperties
DA:178,259
DA:178,259
DA:178,29413
DA:178,29154
DA:179,29154
DA:179,29154
FN:190,ReputationTokensBase.migrateOwnershipOfTokens
FNDA:0,ReputationTokensBase.migrateOwnershipOfTokens
DA:194,0
DA:194,0
FN:203,ReputationTokensBase.getTransferrableBalance
FNDA:1,ReputationTokensBase.getTransferrableBalance
DA:207,1
DA:207,1
DA:207,1
DA:208,1
DA:208,1
FN:214,ReputationTokensBase.getBurnedBalance
FNDA:0,ReputationTokensBase.getBurnedBalance
DA:218,1
DA:218,1
FN:223,ReputationTokensBase.getDistributableBalance
FNDA:1,ReputationTokensBase.getDistributableBalance
DA:227,2
DA:227,2
FNF:15
FNH:8
LF:30
LH:15
BRF:10
BRH:2
end_of_record
TN:
SF:contracts/ReputationTokensInitializable.sol
FN:31,ReputationTokensInitializable.initialize
FNDA:0,ReputationTokensInitializable.initialize
DA:35,0
DA:35,0
DA:37,0
DA:37,0
DA:37,0
DA:37,0
DA:38,0
DA:38,0
FN:48,ReputationTokensInitializable.getDestinationWallet
FNDA:0,ReputationTokensInitializable.getDestinationWallet
DA:51,0
DA:51,0
FN:54,ReputationTokensInitializable.getMaxMintPerTx
FNDA:0,ReputationTokensInitializable.getMaxMintPerTx
DA:55,0
DA:55,0
FN:62,ReputationTokensInitializable.getNumOfTokenTypes
FNDA:0,ReputationTokensInitializable.getNumOfTokenTypes
DA:63,0
DA:63,0
FN:66,ReputationTokensInitializable.getTokenProperties
FNDA:0,ReputationTokensInitializable.getTokenProperties
DA:69,0
DA:69,0
FNF:5
FNH:0
LF:7
LH:0
BRF:0
BRH:0
end_of_record
TN:
SF:contracts/ReputationTokensInternal.sol
FN:41,ReputationTokensInternal._createToken
FNDA:54846,ReputationTokensInternal._createToken
DA:44,54846
DA:44,54846
DA:45,54846
DA:45,54846
DA:47,54846
DA:47,54846
DA:49,54846
DA:49,54846
DA:51,54846
DA:51,54846
FN:54,ReputationTokensInternal._updateTokenProperties
FNDA:84262,ReputationTokensInternal._updateTokenProperties
DA:58,84262
DA:58,84262
BRDA:58,0,0,1
BRDA:58,0,1,84261
DA:59,1
DA:59,1
DA:62,84261
DA:62,84261
DA:67,84261
DA:67,84261
DA:72,84261
DA:72,84261
DA:77,84261
DA:77,84261
DA:82,84261
DA:82,84261
FN:89,ReputationTokensInternal.initializeDestinationWallet
FNDA:20489,ReputationTokensInternal.initializeDestinationWallet
DA:91,20489
DA:91,20489
DA:92,20489
DA:92,20489
BRDA:90,1,0,192
BRDA:90,1,1,20489
DA:94,192
DA:94,192
FN:106,ReputationTokensInternal._mint
FNDA:20489,ReputationTokensInternal._mint
DA:107,20489
DA:107,20489
DA:109,20489
DA:109,20489
DA:109,40977
DA:109,20488
DA:111,20489
DA:111,20489
BRDA:110,2,0,1
BRDA:110,2,1,20488
DA:116,1
DA:116,1
DA:118,20488
DA:118,20488
DA:122,20488
DA:122,20488
DA:128,20488
DA:128,20488
FN:137,ReputationTokensInternal._setDestinationWallet
FNDA:192,ReputationTokensInternal._setDestinationWallet
DA:141,192
DA:141,192
DA:144,192
DA:144,192
FN:153,ReputationTokensInternal._distribute
FNDA:0,ReputationTokensInternal._distribute
DA:158,0
DA:158,0
DA:160,0
DA:160,0
DA:160,0
DA:160,0
DA:161,0
DA:161,0
DA:165,0
DA:165,0
DA:173,0
DA:173,0
FN:192,ReputationTokensInternal._migrateOwnershipOfTokens
FNDA:0,ReputationTokensInternal._migrateOwnershipOfTokens
DA:194,0
DA:194,0
DA:195,0
DA:195,0
DA:196,0
DA:196,0
DA:198,0
DA:198,0
DA:198,0
DA:199,0
DA:199,0
DA:201,0
DA:201,0
FNF:7
FNH:5
LF:35
LH:24
BRF:6
BRH:6
end_of_record
TN:
SF:contracts/ReputationTokensStandalone.sol
FN:41,ReputationTokensStandalone.getDestinationWallet
FNDA:0,ReputationTokensStandalone.getDestinationWallet
DA:44,0
DA:44,0
FN:47,ReputationTokensStandalone.getMaxMintPerTx
FNDA:0,ReputationTokensStandalone.getMaxMintPerTx
DA:48,0
DA:48,0
FN:55,ReputationTokensStandalone.getNumOfTokenTypes
FNDA:258,ReputationTokensStandalone.getNumOfTokenTypes
DA:56,258
DA:56,258
FN:59,ReputationTokensStandalone.getTokenProperties
FNDA:522,ReputationTokensStandalone.getTokenProperties
DA:62,522
DA:62,522
FNF:4
FNH:2
LF:4
LH:2
BRF:0
BRH:0
end_of_record
TN:
SF:contracts/YourContract.sol
FN:50,YourContract.setGreeting
FNDA:0,YourContract.setGreeting
DA:53,0
DA:53,0
DA:54,0
DA:54,0
DA:56,0
DA:56,0
DA:57,0
DA:57,0
DA:58,0
DA:58,0
DA:61,0
DA:61,0
BRDA:61,0,0,-
BRDA:61,0,1,-
DA:62,0
DA:62,0
DA:64,0
DA:64,0
DA:68,0
DA:68,0
FN:75,YourContract.withdraw
FNDA:0,YourContract.withdraw
DA:76,0
DA:76,0
DA:76,0
DA:77,0
DA:77,0
BRDA:77,1,0,-
BRDA:77,1,1,-
FNF:2
FNH:0
LF:11
LH:0
BRF:4
BRH:0
end_of_record
TN:
SF:contracts/storage/AddressToAddressMappingStorage.sol
FN:31,AddressToAddressMappingStorage.layout
FNDA:0,AddressToAddressMappingStorage.layout
DA:32,0
DA:32,0
DA:34,0
DA:34,0
FNF:1
FNH:0
LF:2
LH:0
BRF:0
BRH:0
end_of_record
TN:
SF:contracts/storage/TokensPropertiesStorage.sol
FN:46,TokensPropertiesStorage.layout
FNDA:0,TokensPropertiesStorage.layout
DA:47,0
DA:47,0
DA:49,0
DA:49,0
FNF:1
FNH:0
LF:2
LH:0
BRF:0
BRH:0
end_of_record
TN:
SF:script/DeployHelpers.s.sol
FN:19,ScaffoldETHDeploy.setupLocalhostEnv
FNDA:0,ScaffoldETHDeploy.setupLocalhostEnv
DA:23,0
DA:23,0
BRDA:23,0,0,-
BRDA:23,0,1,-
DA:24,0
DA:24,0
DA:25,0
DA:25,0
DA:26,0
DA:26,0
DA:26,0
DA:27,0
DA:27,0
DA:27,0
DA:28,0
DA:28,0
DA:28,0
DA:29,0
DA:29,0
DA:29,0
DA:31,0
DA:31,0
DA:31,0
FN:35,ScaffoldETHDeploy.exportDeployments
FNDA:0,ScaffoldETHDeploy.exportDeployments
DA:37,0
DA:37,0
DA:38,0
DA:38,0
DA:39,0
DA:39,0
DA:39,0
DA:40,0
DA:40,0
DA:42,0
DA:42,0
DA:44,0
DA:44,0
DA:46,0
DA:46,0
DA:46,0
DA:46,0
DA:47,0
DA:47,0
DA:52,0
DA:52,0
DA:54,0
DA:54,0
DA:59,0
DA:59,0
DA:60,0
DA:60,0
FN:63,ScaffoldETHDeploy.getChain
FNDA:0,ScaffoldETHDeploy.getChain
DA:64,0
DA:64,0
DA:64,0
FN:67,ScaffoldETHDeploy.findChainName
FNDA:0,ScaffoldETHDeploy.findChainName
DA:68,0
DA:68,0
DA:69,0
DA:69,0
DA:69,0
DA:70,0
DA:70,0
DA:70,0
DA:70,0
DA:71,0
DA:71,0
DA:79,0
DA:79,0
FNF:4
FNH:0
LF:26
LH:0
BRF:2
BRH:0
end_of_record
TN:
SF:script/VerifyAll.s.sol
FN:26,VerifyAll.run
FNDA:0,VerifyAll.run
DA:27,0
DA:27,0
DA:27,0
DA:28,0
DA:28,0
DA:28,0
DA:34,0
DA:34,0
DA:34,0
DA:36,0
DA:36,0
DA:37,0
DA:37,0
DA:38,0
DA:38,0
FN:42,VerifyAll._verifyIfContractDeployment
FNDA:0,VerifyAll._verifyIfContractDeployment
DA:43,0
DA:43,0
DA:43,0
DA:49,0
DA:49,0
DA:49,0
DA:49,0
BRDA:49,0,0,-
BRDA:49,0,1,-
DA:50,0
DA:50,0
FN:54,VerifyAll._verifyContract
FNDA:0,VerifyAll._verifyContract
DA:55,0
DA:55,0
DA:55,0
DA:59,0
DA:59,0
DA:59,0
DA:65,0
DA:65,0
DA:65,0
DA:71,0
DA:71,0
DA:71,0
DA:75,0
DA:75,0
DA:75,0
DA:81,0
DA:81,0
DA:81,0
DA:82,0
DA:82,0
DA:83,0
DA:83,0
DA:84,0
DA:84,0
DA:85,0
DA:85,0
DA:86,0
DA:86,0
DA:87,0
DA:87,0
DA:88,0
DA:88,0
DA:89,0
DA:89,0
DA:90,0
DA:90,0
DA:92,0
DA:92,0
DA:92,0
DA:94,0
DA:94,0
BRDA:94,1,0,-
BRDA:94,1,1,-
DA:95,0
DA:95,0
DA:101,0
DA:101,0
DA:103,0
DA:103,0
DA:105,0
DA:105,0
FN:108,VerifyAll.nextTransaction
FNDA:0,VerifyAll.nextTransaction
DA:113,0
DA:113,0
FN:120,VerifyAll._getCompiledBytecode
FNDA:0,VerifyAll._getCompiledBytecode
DA:125,0
DA:125,0
DA:125,0
DA:126,0
DA:126,0
DA:126,0
DA:129,0
DA:129,0
FN:132,VerifyAll.getTransactionFromRaw
FNDA:0,VerifyAll.getTransactionFromRaw
DA:136,0
DA:136,0
FN:139,VerifyAll.searchStr
FNDA:0,VerifyAll.searchStr
DA:143,0
DA:143,0
DA:144,0
DA:144,0
FNF:7
FNH:0
LF:37
LH:0
BRF:4
BRH:0
end_of_record
TN:
SF:test/ReputationTokensTest__Base.t.sol
FN:31,ReputationTokensTest__Base.setUp
FNDA:0,ReputationTokensTest__Base.setUp
DA:32,0
DA:32,0
DA:33,0
DA:33,0
FN:36,ReputationTokensTest__Base.setUpDeploy
FNDA:0,ReputationTokensTest__Base.setUpDeploy
DA:37,0
DA:37,0
DA:37,0
DA:38,0
DA:38,0
DA:39,0
DA:39,0
FN:42,ReputationTokensTest__Base.setUpRoles
FNDA:0,ReputationTokensTest__Base.setUpRoles
DA:43,0
DA:43,0
DA:44,0
DA:44,0
DA:45,0
DA:45,0
DA:46,0
DA:46,0
DA:47,0
DA:47,0
DA:48,0
DA:48,0
DA:49,0
DA:49,0
FN:55,ReputationTokensTest__Base.batchCreateTokens
FNDA:0,ReputationTokensTest__Base.batchCreateTokens
DA:58,0
DA:58,0
DA:59,0
DA:59,0
DA:60,0
DA:60,0
FN:63,ReputationTokensTest__Base.createToken
FNDA:0,ReputationTokensTest__Base.createToken
DA:66,0
DA:66,0
DA:67,0
DA:67,0
DA:67,0
DA:68,0
DA:68,0
DA:69,0
DA:69,0
FN:72,ReputationTokensTest__Base.createDefaultToken
FNDA:0,ReputationTokensTest__Base.createDefaultToken
DA:73,0
DA:73,0
DA:74,0
DA:74,0
FN:107,ReputationTokensTest__Base.batchUpdateTokensProperties
FNDA:0,ReputationTokensTest__Base.batchUpdateTokensProperties
DA:111,0
DA:111,0
DA:112,0
DA:112,0
DA:113,0
DA:113,0
FN:116,ReputationTokensTest__Base.updateToken
FNDA:0,ReputationTokensTest__Base.updateToken
DA:120,0
DA:120,0
DA:121,0
DA:121,0
DA:122,0
DA:122,0
FN:212,ReputationTokensTest__Base.mint
FNDA:0,ReputationTokensTest__Base.mint
DA:213,0
DA:213,0
DA:214,0
DA:214,0
DA:215,0
DA:215,0
FN:218,ReputationTokensTest__Base.batchMint
FNDA:0,ReputationTokensTest__Base.batchMint
DA:221,0
DA:221,0
DA:222,0
DA:222,0
DA:223,0
DA:223,0
FN:226,ReputationTokensTest__Base.distribute
FNDA:0,ReputationTokensTest__Base.distribute
DA:229,0
DA:229,0
DA:230,0
DA:230,0
DA:231,0
DA:231,0
FN:234,ReputationTokensTest__Base.setUpRole
FNDA:0,ReputationTokensTest__Base.setUpRole
DA:235,0
DA:235,0
DA:236,0
DA:236,0
DA:237,0
DA:237,0
FN:240,ReputationTokensTest__Base.setDestinationWallet
FNDA:0,ReputationTokensTest__Base.setDestinationWallet
DA:241,0
DA:241,0
DA:242,0
DA:242,0
DA:243,0
DA:243,0
FNF:13
FNH:0
LF:42
LH:0
BRF:0
BRH:0
end_of_record
